Number of test cases: 3

=== TEST CASE 1 ===
--- INPUT ---
6
Blue
Orange
Pink
Green
Red
Yellow
--- END INPUT ---
--- OUTPUT (stdout) ---
1
--- RETURN CODE: 0 ---

=== TEST CASE 2 ===
--- INPUT ---
12
Blue
Orange
Pink
Green
Red
Yellow
Yellow
Red
Green
Pink
Orange
Blue
--- END INPUT ---
--- OUTPUT (stdout) ---
--- OUTPUT (stderr) ---
Traceback (most recent call last):
  File "C:\Users\bveer\Downloads\Virginia_Code\6-7-Virgina-Tech-Compettion-Code\2020\problems\1\1.py", line 58, in <module>
    print(cnt)
          ^^^
NameError: name 'cnt' is not defined. Did you mean: 'int'?
--- RETURN CODE: 1 ---

=== TEST CASE 3 ===
--- INPUT ---
9
Blue
Orange
Pink
Green
Red
Yellow
Yellow
Yellow
Yellow--- END INPUT ---
--- OUTPUT (stdout) ---
--- OUTPUT (stderr) ---
Traceback (most recent call last):
  File "C:\Users\bveer\Downloads\Virginia_Code\6-7-Virgina-Tech-Compettion-Code\2020\problems\1\1.py", line 58, in <module>
    print(cnt)
          ^^^
NameError: name 'cnt' is not defined. Did you mean: 'int'?
--- RETURN CODE: 1 ---

